0 silly argv {
0 silly argv   _: [ 'run' ],
0 silly argv   parallel: true,
0 silly argv   lernaVersion: '3.18.5',
0 silly argv   '$0': 'node_modules\\lerna\\cli.js',
0 silly argv   script: 'start'
0 silly argv }
1 notice cli v3.18.5
2 verbose rootPath C:\Users\Nivos_co\Desktop\סימסטר ד\wix\HomeTest
3 info Executing command in 2 packages: "npm run start"
4 silly npmRunScript.stream [ 'start', [], '@ans-exam/client' ]
5 silly getExecOpts C:\Users\Nivos_co\Desktop\סימסטר ד\wix\HomeTest\client undefined
6 silly npmRunScript.stream [ 'start', [], '@ans-exam/server' ]
7 silly getExecOpts C:\Users\Nivos_co\Desktop\סימסטר ד\wix\HomeTest\server undefined
8 error MaxBufferError: stdout maxBuffer exceeded
8 error     at PassThrough.<anonymous> (C:\Users\Nivos_co\Desktop\סימסטר ד\wix\HomeTest\node_modules\get-stream\index.js:41:19)
8 error     at PassThrough.emit (events.js:327:22)
8 error     at addChunk (_stream_readable.js:297:12)
8 error     at readableAddChunk (_stream_readable.js:269:11)
8 error     at PassThrough.Readable.push (_stream_readable.js:214:10)
8 error     at PassThrough.Transform.push (_stream_transform.js:152:32)
8 error     at PassThrough.afterTransform (_stream_transform.js:96:10)
8 error     at PassThrough._transform (_stream_passthrough.js:46:3)
8 error     at PassThrough.Transform._read (_stream_transform.js:191:10)
